[3.291s] DEBUG:colcon:Command line arguments: ['/usr/local/bin/colcon', 'build']
[3.292s] DEBUG:colcon:Parsed command line arguments: Namespace(ament_cmake_args=None, base_paths='.', build_base='build', catkin_cmake_args=None, catkin_skip_building_tests=False, cmake_args=None, cmake_clean_cache=False, cmake_clean_first=False, cmake_force_configure=False, cmake_target=None, cmake_target_skip_unavailable=False, continue_on_error=False, event_handlers=None, executor='sequential', install_base='install', log_base='log', log_level=None, main=<bound method BuildVerb.main of <colcon_core.verb.build.BuildVerb object at 0x7f8b16feb8>>, merge_install=False, paths=None, symlink_install=False, test_result_base=None, verb_extension=<colcon_core.verb.build.BuildVerb object at 0x7f8b16feb8>, verb_name='build', verb_parser=CustomArgumentParser(prog='/usr/local/bin/colcon build', usage=None, description='Build a set of packages.', formatter_class=<class 'colcon_core.command.CustomFormatter'>, conflict_handler='error', add_help=True))
[3.783s] Level 1:colcon.colcon_core.package_discovery:discover_packages(recursive) check parameters
[3.783s] Level 1:colcon.colcon_core.package_discovery:discover_packages(path) check parameters
[3.784s] Level 1:colcon.colcon_core.package_discovery:discover_packages(recursive) discover
[3.791s] INFO:colcon.colcon_core.package_discovery:Crawling recursively for packages in '/home/jetbot/aws-nvidia-sample-robomaker-dino-detect/robot_ws'
[3.792s] Level 1:colcon.colcon_core.package_identification:_identify(/home/jetbot/aws-nvidia-sample-robomaker-dino-detect/robot_ws) by extensions ['ignore', 'ignore_ament_install']
[3.794s] Level 1:colcon.colcon_core.package_identification:_identify(/home/jetbot/aws-nvidia-sample-robomaker-dino-detect/robot_ws) by extension 'ignore'
[3.795s] Level 1:colcon.colcon_core.package_identification:_identify(/home/jetbot/aws-nvidia-sample-robomaker-dino-detect/robot_ws) by extension 'ignore_ament_install'
[3.796s] Level 1:colcon.colcon_core.package_identification:_identify(/home/jetbot/aws-nvidia-sample-robomaker-dino-detect/robot_ws) by extensions ['ros']
[3.797s] Level 1:colcon.colcon_core.package_identification:_identify(/home/jetbot/aws-nvidia-sample-robomaker-dino-detect/robot_ws) by extension 'ros'
[3.983s] Level 1:colcon.colcon_core.package_identification:_identify(/home/jetbot/aws-nvidia-sample-robomaker-dino-detect/robot_ws) by extensions ['cmake', 'python']
[3.984s] Level 1:colcon.colcon_core.package_identification:_identify(/home/jetbot/aws-nvidia-sample-robomaker-dino-detect/robot_ws) by extension 'cmake'
[3.986s] Level 1:colcon.colcon_core.package_identification:_identify(/home/jetbot/aws-nvidia-sample-robomaker-dino-detect/robot_ws) by extension 'python'
[3.986s] Level 1:colcon.colcon_core.package_identification:_identify(/home/jetbot/aws-nvidia-sample-robomaker-dino-detect/robot_ws) by extensions ['python_setup_py']
[3.987s] Level 1:colcon.colcon_core.package_identification:_identify(/home/jetbot/aws-nvidia-sample-robomaker-dino-detect/robot_ws) by extension 'python_setup_py'
[3.988s] Level 1:colcon.colcon_core.package_identification:_identify(/home/jetbot/aws-nvidia-sample-robomaker-dino-detect/robot_ws/build) by extensions ['ignore', 'ignore_ament_install']
[3.989s] Level 1:colcon.colcon_core.package_identification:_identify(/home/jetbot/aws-nvidia-sample-robomaker-dino-detect/robot_ws/build) by extension 'ignore'
[3.990s] Level 1:colcon.colcon_core.package_identification:_identify(/home/jetbot/aws-nvidia-sample-robomaker-dino-detect/robot_ws/build) ignored
[3.996s] Level 1:colcon.colcon_core.package_identification:_identify(/home/jetbot/aws-nvidia-sample-robomaker-dino-detect/robot_ws/deps) by extensions ['ignore', 'ignore_ament_install']
[3.997s] Level 1:colcon.colcon_core.package_identification:_identify(/home/jetbot/aws-nvidia-sample-robomaker-dino-detect/robot_ws/deps) by extension 'ignore'
[3.999s] Level 1:colcon.colcon_core.package_identification:_identify(/home/jetbot/aws-nvidia-sample-robomaker-dino-detect/robot_ws/deps) by extension 'ignore_ament_install'
[3.999s] Level 1:colcon.colcon_core.package_identification:_identify(/home/jetbot/aws-nvidia-sample-robomaker-dino-detect/robot_ws/deps) by extensions ['ros']
[4.000s] Level 1:colcon.colcon_core.package_identification:_identify(/home/jetbot/aws-nvidia-sample-robomaker-dino-detect/robot_ws/deps) by extension 'ros'
[4.001s] Level 1:colcon.colcon_core.package_identification:_identify(/home/jetbot/aws-nvidia-sample-robomaker-dino-detect/robot_ws/deps) by extensions ['cmake', 'python']
[4.002s] Level 1:colcon.colcon_core.package_identification:_identify(/home/jetbot/aws-nvidia-sample-robomaker-dino-detect/robot_ws/deps) by extension 'cmake'
[4.003s] Level 1:colcon.colcon_core.package_identification:_identify(/home/jetbot/aws-nvidia-sample-robomaker-dino-detect/robot_ws/deps) by extension 'python'
[4.004s] Level 1:colcon.colcon_core.package_identification:_identify(/home/jetbot/aws-nvidia-sample-robomaker-dino-detect/robot_ws/deps) by extensions ['python_setup_py']
[4.005s] Level 1:colcon.colcon_core.package_identification:_identify(/home/jetbot/aws-nvidia-sample-robomaker-dino-detect/robot_ws/deps) by extension 'python_setup_py'
[4.006s] Level 1:colcon.colcon_core.package_identification:_identify(/home/jetbot/aws-nvidia-sample-robomaker-dino-detect/robot_ws/deps/vision_opencv) by extensions ['ignore', 'ignore_ament_install']
[4.007s] Level 1:colcon.colcon_core.package_identification:_identify(/home/jetbot/aws-nvidia-sample-robomaker-dino-detect/robot_ws/deps/vision_opencv) by extension 'ignore'
[4.008s] Level 1:colcon.colcon_core.package_identification:_identify(/home/jetbot/aws-nvidia-sample-robomaker-dino-detect/robot_ws/deps/vision_opencv) by extension 'ignore_ament_install'
[4.009s] Level 1:colcon.colcon_core.package_identification:_identify(/home/jetbot/aws-nvidia-sample-robomaker-dino-detect/robot_ws/deps/vision_opencv) by extensions ['ros']
[4.010s] Level 1:colcon.colcon_core.package_identification:_identify(/home/jetbot/aws-nvidia-sample-robomaker-dino-detect/robot_ws/deps/vision_opencv) by extension 'ros'
[4.011s] Level 1:colcon.colcon_core.package_identification:_identify(/home/jetbot/aws-nvidia-sample-robomaker-dino-detect/robot_ws/deps/vision_opencv) by extensions ['cmake', 'python']
[4.012s] Level 1:colcon.colcon_core.package_identification:_identify(/home/jetbot/aws-nvidia-sample-robomaker-dino-detect/robot_ws/deps/vision_opencv) by extension 'cmake'
[4.014s] Level 1:colcon.colcon_core.package_identification:_identify(/home/jetbot/aws-nvidia-sample-robomaker-dino-detect/robot_ws/deps/vision_opencv) by extension 'python'
[4.015s] Level 1:colcon.colcon_core.package_identification:_identify(/home/jetbot/aws-nvidia-sample-robomaker-dino-detect/robot_ws/deps/vision_opencv) by extensions ['python_setup_py']
[4.016s] Level 1:colcon.colcon_core.package_identification:_identify(/home/jetbot/aws-nvidia-sample-robomaker-dino-detect/robot_ws/deps/vision_opencv) by extension 'python_setup_py'
[4.018s] Level 1:colcon.colcon_core.package_identification:_identify(/home/jetbot/aws-nvidia-sample-robomaker-dino-detect/robot_ws/deps/vision_opencv/cv_bridge) by extensions ['ignore', 'ignore_ament_install']
[4.019s] Level 1:colcon.colcon_core.package_identification:_identify(/home/jetbot/aws-nvidia-sample-robomaker-dino-detect/robot_ws/deps/vision_opencv/cv_bridge) by extension 'ignore'
[4.020s] Level 1:colcon.colcon_core.package_identification:_identify(/home/jetbot/aws-nvidia-sample-robomaker-dino-detect/robot_ws/deps/vision_opencv/cv_bridge) by extension 'ignore_ament_install'
[4.020s] Level 1:colcon.colcon_core.package_identification:_identify(/home/jetbot/aws-nvidia-sample-robomaker-dino-detect/robot_ws/deps/vision_opencv/cv_bridge) by extensions ['ros']
[4.021s] Level 1:colcon.colcon_core.package_identification:_identify(/home/jetbot/aws-nvidia-sample-robomaker-dino-detect/robot_ws/deps/vision_opencv/cv_bridge) by extension 'ros'
[4.039s] DEBUG:colcon.colcon_core.package_identification:Package '/home/jetbot/aws-nvidia-sample-robomaker-dino-detect/robot_ws/deps/vision_opencv/cv_bridge' with type 'ros.catkin' and name 'cv_bridge'
[4.040s] Level 1:colcon.colcon_core.package_identification:_identify(/home/jetbot/aws-nvidia-sample-robomaker-dino-detect/robot_ws/deps/vision_opencv/image_geometry) by extensions ['ignore', 'ignore_ament_install']
[4.042s] Level 1:colcon.colcon_core.package_identification:_identify(/home/jetbot/aws-nvidia-sample-robomaker-dino-detect/robot_ws/deps/vision_opencv/image_geometry) by extension 'ignore'
[4.043s] Level 1:colcon.colcon_core.package_identification:_identify(/home/jetbot/aws-nvidia-sample-robomaker-dino-detect/robot_ws/deps/vision_opencv/image_geometry) by extension 'ignore_ament_install'
[4.043s] Level 1:colcon.colcon_core.package_identification:_identify(/home/jetbot/aws-nvidia-sample-robomaker-dino-detect/robot_ws/deps/vision_opencv/image_geometry) by extensions ['ros']
[4.044s] Level 1:colcon.colcon_core.package_identification:_identify(/home/jetbot/aws-nvidia-sample-robomaker-dino-detect/robot_ws/deps/vision_opencv/image_geometry) by extension 'ros'
[4.050s] DEBUG:colcon.colcon_core.package_identification:Package '/home/jetbot/aws-nvidia-sample-robomaker-dino-detect/robot_ws/deps/vision_opencv/image_geometry' with type 'ros.catkin' and name 'image_geometry'
[4.051s] Level 1:colcon.colcon_core.package_identification:_identify(/home/jetbot/aws-nvidia-sample-robomaker-dino-detect/robot_ws/deps/vision_opencv/opencv_tests) by extensions ['ignore', 'ignore_ament_install']
[4.052s] Level 1:colcon.colcon_core.package_identification:_identify(/home/jetbot/aws-nvidia-sample-robomaker-dino-detect/robot_ws/deps/vision_opencv/opencv_tests) by extension 'ignore'
[4.053s] Level 1:colcon.colcon_core.package_identification:_identify(/home/jetbot/aws-nvidia-sample-robomaker-dino-detect/robot_ws/deps/vision_opencv/opencv_tests) by extension 'ignore_ament_install'
[4.054s] Level 1:colcon.colcon_core.package_identification:_identify(/home/jetbot/aws-nvidia-sample-robomaker-dino-detect/robot_ws/deps/vision_opencv/opencv_tests) by extensions ['ros']
[4.055s] Level 1:colcon.colcon_core.package_identification:_identify(/home/jetbot/aws-nvidia-sample-robomaker-dino-detect/robot_ws/deps/vision_opencv/opencv_tests) by extension 'ros'
[4.060s] DEBUG:colcon.colcon_core.package_identification:Package '/home/jetbot/aws-nvidia-sample-robomaker-dino-detect/robot_ws/deps/vision_opencv/opencv_tests' with type 'ros.catkin' and name 'opencv_tests'
[4.062s] Level 1:colcon.colcon_core.package_identification:_identify(/home/jetbot/aws-nvidia-sample-robomaker-dino-detect/robot_ws/deps/vision_opencv/vision_opencv) by extensions ['ignore', 'ignore_ament_install']
[4.063s] Level 1:colcon.colcon_core.package_identification:_identify(/home/jetbot/aws-nvidia-sample-robomaker-dino-detect/robot_ws/deps/vision_opencv/vision_opencv) by extension 'ignore'
[4.064s] Level 1:colcon.colcon_core.package_identification:_identify(/home/jetbot/aws-nvidia-sample-robomaker-dino-detect/robot_ws/deps/vision_opencv/vision_opencv) by extension 'ignore_ament_install'
[4.065s] Level 1:colcon.colcon_core.package_identification:_identify(/home/jetbot/aws-nvidia-sample-robomaker-dino-detect/robot_ws/deps/vision_opencv/vision_opencv) by extensions ['ros']
[4.066s] Level 1:colcon.colcon_core.package_identification:_identify(/home/jetbot/aws-nvidia-sample-robomaker-dino-detect/robot_ws/deps/vision_opencv/vision_opencv) by extension 'ros'
[4.075s] DEBUG:colcon.colcon_core.package_identification:Package '/home/jetbot/aws-nvidia-sample-robomaker-dino-detect/robot_ws/deps/vision_opencv/vision_opencv' with type 'ros.catkin' and name 'vision_opencv'
[4.076s] Level 1:colcon.colcon_core.package_identification:_identify(/home/jetbot/aws-nvidia-sample-robomaker-dino-detect/robot_ws/install) by extensions ['ignore', 'ignore_ament_install']
[4.077s] Level 1:colcon.colcon_core.package_identification:_identify(/home/jetbot/aws-nvidia-sample-robomaker-dino-detect/robot_ws/install) by extension 'ignore'
[4.077s] Level 1:colcon.colcon_core.package_identification:_identify(/home/jetbot/aws-nvidia-sample-robomaker-dino-detect/robot_ws/install) ignored
[4.078s] Level 1:colcon.colcon_core.package_identification:_identify(/home/jetbot/aws-nvidia-sample-robomaker-dino-detect/robot_ws/log) by extensions ['ignore', 'ignore_ament_install']
[4.079s] Level 1:colcon.colcon_core.package_identification:_identify(/home/jetbot/aws-nvidia-sample-robomaker-dino-detect/robot_ws/log) by extension 'ignore'
[4.080s] Level 1:colcon.colcon_core.package_identification:_identify(/home/jetbot/aws-nvidia-sample-robomaker-dino-detect/robot_ws/log) ignored
[4.081s] Level 1:colcon.colcon_core.package_identification:_identify(/home/jetbot/aws-nvidia-sample-robomaker-dino-detect/robot_ws/src) by extensions ['ignore', 'ignore_ament_install']
[4.082s] Level 1:colcon.colcon_core.package_identification:_identify(/home/jetbot/aws-nvidia-sample-robomaker-dino-detect/robot_ws/src) by extension 'ignore'
[4.083s] Level 1:colcon.colcon_core.package_identification:_identify(/home/jetbot/aws-nvidia-sample-robomaker-dino-detect/robot_ws/src) by extension 'ignore_ament_install'
[4.084s] Level 1:colcon.colcon_core.package_identification:_identify(/home/jetbot/aws-nvidia-sample-robomaker-dino-detect/robot_ws/src) by extensions ['ros']
[4.085s] Level 1:colcon.colcon_core.package_identification:_identify(/home/jetbot/aws-nvidia-sample-robomaker-dino-detect/robot_ws/src) by extension 'ros'
[4.086s] Level 1:colcon.colcon_core.package_identification:_identify(/home/jetbot/aws-nvidia-sample-robomaker-dino-detect/robot_ws/src) by extensions ['cmake', 'python']
[4.087s] Level 1:colcon.colcon_core.package_identification:_identify(/home/jetbot/aws-nvidia-sample-robomaker-dino-detect/robot_ws/src) by extension 'cmake'
[4.088s] Level 1:colcon.colcon_core.package_identification:_identify(/home/jetbot/aws-nvidia-sample-robomaker-dino-detect/robot_ws/src) by extension 'python'
[4.088s] Level 1:colcon.colcon_core.package_identification:_identify(/home/jetbot/aws-nvidia-sample-robomaker-dino-detect/robot_ws/src) by extensions ['python_setup_py']
[4.089s] Level 1:colcon.colcon_core.package_identification:_identify(/home/jetbot/aws-nvidia-sample-robomaker-dino-detect/robot_ws/src) by extension 'python_setup_py'
[4.090s] Level 1:colcon.colcon_core.package_identification:_identify(/home/jetbot/aws-nvidia-sample-robomaker-dino-detect/robot_ws/src/dinobot) by extensions ['ignore', 'ignore_ament_install']
[4.091s] Level 1:colcon.colcon_core.package_identification:_identify(/home/jetbot/aws-nvidia-sample-robomaker-dino-detect/robot_ws/src/dinobot) by extension 'ignore'
[4.092s] Level 1:colcon.colcon_core.package_identification:_identify(/home/jetbot/aws-nvidia-sample-robomaker-dino-detect/robot_ws/src/dinobot) by extension 'ignore_ament_install'
[4.093s] Level 1:colcon.colcon_core.package_identification:_identify(/home/jetbot/aws-nvidia-sample-robomaker-dino-detect/robot_ws/src/dinobot) by extensions ['ros']
[4.094s] Level 1:colcon.colcon_core.package_identification:_identify(/home/jetbot/aws-nvidia-sample-robomaker-dino-detect/robot_ws/src/dinobot) by extension 'ros'
[4.104s] DEBUG:colcon.colcon_core.package_identification:Package '/home/jetbot/aws-nvidia-sample-robomaker-dino-detect/robot_ws/src/dinobot' with type 'ros.catkin' and name 'dinobot'
[4.105s] Level 1:colcon.colcon_core.package_discovery:discover_packages(recursive) using defaults
[4.258s] Level 5:colcon.colcon_core.verb:set package 'cv_bridge' build argument 'cmake_args' from command line to 'None'
[4.258s] Level 5:colcon.colcon_core.verb:set package 'cv_bridge' build argument 'cmake_target' from command line to 'None'
[4.259s] Level 5:colcon.colcon_core.verb:set package 'cv_bridge' build argument 'cmake_target_skip_unavailable' from command line to 'False'
[4.259s] Level 5:colcon.colcon_core.verb:set package 'cv_bridge' build argument 'cmake_clean_cache' from command line to 'False'
[4.260s] Level 5:colcon.colcon_core.verb:set package 'cv_bridge' build argument 'cmake_clean_first' from command line to 'False'
[4.260s] Level 5:colcon.colcon_core.verb:set package 'cv_bridge' build argument 'cmake_force_configure' from command line to 'False'
[4.261s] Level 5:colcon.colcon_core.verb:set package 'cv_bridge' build argument 'ament_cmake_args' from command line to 'None'
[4.261s] Level 5:colcon.colcon_core.verb:set package 'cv_bridge' build argument 'catkin_cmake_args' from command line to 'None'
[4.261s] Level 5:colcon.colcon_core.verb:set package 'cv_bridge' build argument 'catkin_skip_building_tests' from command line to 'False'
[4.262s] DEBUG:colcon.colcon_core.verb:Building package 'cv_bridge' with the following arguments: {'ament_cmake_args': None, 'build_base': '/home/jetbot/aws-nvidia-sample-robomaker-dino-detect/robot_ws/build/cv_bridge', 'catkin_cmake_args': None, 'catkin_skip_building_tests': False, 'cmake_args': None, 'cmake_clean_cache': False, 'cmake_clean_first': False, 'cmake_force_configure': False, 'cmake_target': None, 'cmake_target_skip_unavailable': False, 'install_base': '/home/jetbot/aws-nvidia-sample-robomaker-dino-detect/robot_ws/install/cv_bridge', 'merge_install': False, 'path': '/home/jetbot/aws-nvidia-sample-robomaker-dino-detect/robot_ws/deps/vision_opencv/cv_bridge', 'symlink_install': False, 'test_result_base': None}
[4.380s] Level 5:colcon.colcon_core.verb:set package 'dinobot' build argument 'cmake_args' from command line to 'None'
[4.380s] Level 5:colcon.colcon_core.verb:set package 'dinobot' build argument 'cmake_target' from command line to 'None'
[4.381s] Level 5:colcon.colcon_core.verb:set package 'dinobot' build argument 'cmake_target_skip_unavailable' from command line to 'False'
[4.381s] Level 5:colcon.colcon_core.verb:set package 'dinobot' build argument 'cmake_clean_cache' from command line to 'False'
[4.381s] Level 5:colcon.colcon_core.verb:set package 'dinobot' build argument 'cmake_clean_first' from command line to 'False'
[4.382s] Level 5:colcon.colcon_core.verb:set package 'dinobot' build argument 'cmake_force_configure' from command line to 'False'
[4.382s] Level 5:colcon.colcon_core.verb:set package 'dinobot' build argument 'ament_cmake_args' from command line to 'None'
[4.382s] Level 5:colcon.colcon_core.verb:set package 'dinobot' build argument 'catkin_cmake_args' from command line to 'None'
[4.383s] Level 5:colcon.colcon_core.verb:set package 'dinobot' build argument 'catkin_skip_building_tests' from command line to 'False'
[4.383s] DEBUG:colcon.colcon_core.verb:Building package 'dinobot' with the following arguments: {'ament_cmake_args': None, 'build_base': '/home/jetbot/aws-nvidia-sample-robomaker-dino-detect/robot_ws/build/dinobot', 'catkin_cmake_args': None, 'catkin_skip_building_tests': False, 'cmake_args': None, 'cmake_clean_cache': False, 'cmake_clean_first': False, 'cmake_force_configure': False, 'cmake_target': None, 'cmake_target_skip_unavailable': False, 'install_base': '/home/jetbot/aws-nvidia-sample-robomaker-dino-detect/robot_ws/install/dinobot', 'merge_install': False, 'path': '/home/jetbot/aws-nvidia-sample-robomaker-dino-detect/robot_ws/src/dinobot', 'symlink_install': False, 'test_result_base': None}
[4.506s] Level 5:colcon.colcon_core.verb:set package 'image_geometry' build argument 'cmake_args' from command line to 'None'
[4.507s] Level 5:colcon.colcon_core.verb:set package 'image_geometry' build argument 'cmake_target' from command line to 'None'
[4.507s] Level 5:colcon.colcon_core.verb:set package 'image_geometry' build argument 'cmake_target_skip_unavailable' from command line to 'False'
[4.507s] Level 5:colcon.colcon_core.verb:set package 'image_geometry' build argument 'cmake_clean_cache' from command line to 'False'
[4.508s] Level 5:colcon.colcon_core.verb:set package 'image_geometry' build argument 'cmake_clean_first' from command line to 'False'
[4.508s] Level 5:colcon.colcon_core.verb:set package 'image_geometry' build argument 'cmake_force_configure' from command line to 'False'
[4.508s] Level 5:colcon.colcon_core.verb:set package 'image_geometry' build argument 'ament_cmake_args' from command line to 'None'
[4.509s] Level 5:colcon.colcon_core.verb:set package 'image_geometry' build argument 'catkin_cmake_args' from command line to 'None'
[4.509s] Level 5:colcon.colcon_core.verb:set package 'image_geometry' build argument 'catkin_skip_building_tests' from command line to 'False'
[4.510s] DEBUG:colcon.colcon_core.verb:Building package 'image_geometry' with the following arguments: {'ament_cmake_args': None, 'build_base': '/home/jetbot/aws-nvidia-sample-robomaker-dino-detect/robot_ws/build/image_geometry', 'catkin_cmake_args': None, 'catkin_skip_building_tests': False, 'cmake_args': None, 'cmake_clean_cache': False, 'cmake_clean_first': False, 'cmake_force_configure': False, 'cmake_target': None, 'cmake_target_skip_unavailable': False, 'install_base': '/home/jetbot/aws-nvidia-sample-robomaker-dino-detect/robot_ws/install/image_geometry', 'merge_install': False, 'path': '/home/jetbot/aws-nvidia-sample-robomaker-dino-detect/robot_ws/deps/vision_opencv/image_geometry', 'symlink_install': False, 'test_result_base': None}
[4.628s] Level 5:colcon.colcon_core.verb:set package 'opencv_tests' build argument 'cmake_args' from command line to 'None'
[4.628s] Level 5:colcon.colcon_core.verb:set package 'opencv_tests' build argument 'cmake_target' from command line to 'None'
[4.628s] Level 5:colcon.colcon_core.verb:set package 'opencv_tests' build argument 'cmake_target_skip_unavailable' from command line to 'False'
[4.629s] Level 5:colcon.colcon_core.verb:set package 'opencv_tests' build argument 'cmake_clean_cache' from command line to 'False'
[4.629s] Level 5:colcon.colcon_core.verb:set package 'opencv_tests' build argument 'cmake_clean_first' from command line to 'False'
[4.630s] Level 5:colcon.colcon_core.verb:set package 'opencv_tests' build argument 'cmake_force_configure' from command line to 'False'
[4.630s] Level 5:colcon.colcon_core.verb:set package 'opencv_tests' build argument 'ament_cmake_args' from command line to 'None'
[4.630s] Level 5:colcon.colcon_core.verb:set package 'opencv_tests' build argument 'catkin_cmake_args' from command line to 'None'
[4.631s] Level 5:colcon.colcon_core.verb:set package 'opencv_tests' build argument 'catkin_skip_building_tests' from command line to 'False'
[4.631s] DEBUG:colcon.colcon_core.verb:Building package 'opencv_tests' with the following arguments: {'ament_cmake_args': None, 'build_base': '/home/jetbot/aws-nvidia-sample-robomaker-dino-detect/robot_ws/build/opencv_tests', 'catkin_cmake_args': None, 'catkin_skip_building_tests': False, 'cmake_args': None, 'cmake_clean_cache': False, 'cmake_clean_first': False, 'cmake_force_configure': False, 'cmake_target': None, 'cmake_target_skip_unavailable': False, 'install_base': '/home/jetbot/aws-nvidia-sample-robomaker-dino-detect/robot_ws/install/opencv_tests', 'merge_install': False, 'path': '/home/jetbot/aws-nvidia-sample-robomaker-dino-detect/robot_ws/deps/vision_opencv/opencv_tests', 'symlink_install': False, 'test_result_base': None}
[4.753s] Level 5:colcon.colcon_core.verb:set package 'vision_opencv' build argument 'cmake_args' from command line to 'None'
[4.754s] Level 5:colcon.colcon_core.verb:set package 'vision_opencv' build argument 'cmake_target' from command line to 'None'
[4.754s] Level 5:colcon.colcon_core.verb:set package 'vision_opencv' build argument 'cmake_target_skip_unavailable' from command line to 'False'
[4.754s] Level 5:colcon.colcon_core.verb:set package 'vision_opencv' build argument 'cmake_clean_cache' from command line to 'False'
[4.755s] Level 5:colcon.colcon_core.verb:set package 'vision_opencv' build argument 'cmake_clean_first' from command line to 'False'
[4.755s] Level 5:colcon.colcon_core.verb:set package 'vision_opencv' build argument 'cmake_force_configure' from command line to 'False'
[4.755s] Level 5:colcon.colcon_core.verb:set package 'vision_opencv' build argument 'ament_cmake_args' from command line to 'None'
[4.756s] Level 5:colcon.colcon_core.verb:set package 'vision_opencv' build argument 'catkin_cmake_args' from command line to 'None'
[4.756s] Level 5:colcon.colcon_core.verb:set package 'vision_opencv' build argument 'catkin_skip_building_tests' from command line to 'False'
[4.756s] DEBUG:colcon.colcon_core.verb:Building package 'vision_opencv' with the following arguments: {'ament_cmake_args': None, 'build_base': '/home/jetbot/aws-nvidia-sample-robomaker-dino-detect/robot_ws/build/vision_opencv', 'catkin_cmake_args': None, 'catkin_skip_building_tests': False, 'cmake_args': None, 'cmake_clean_cache': False, 'cmake_clean_first': False, 'cmake_force_configure': False, 'cmake_target': None, 'cmake_target_skip_unavailable': False, 'install_base': '/home/jetbot/aws-nvidia-sample-robomaker-dino-detect/robot_ws/install/vision_opencv', 'merge_install': False, 'path': '/home/jetbot/aws-nvidia-sample-robomaker-dino-detect/robot_ws/deps/vision_opencv/vision_opencv', 'symlink_install': False, 'test_result_base': None}
[4.814s] INFO:colcon.colcon_core.executor:Executing jobs using 'sequential' executor
[4.817s] DEBUG:colcon.colcon_core.executor.sequential:run_until_complete 'cv_bridge'
[4.818s] INFO:colcon.colcon_ros.task.catkin.build:Building ROS package in '/home/jetbot/aws-nvidia-sample-robomaker-dino-detect/robot_ws/deps/vision_opencv/cv_bridge' with build type 'catkin'
[4.819s] INFO:colcon.colcon_cmake.task.cmake.build:Building CMake package in '/home/jetbot/aws-nvidia-sample-robomaker-dino-detect/robot_ws/deps/vision_opencv/cv_bridge'
[4.874s] INFO:colcon.colcon_core.plugin_system:Skipping extension 'colcon_core.shell.bat': Not used on non-Windows systems
[4.940s] DEBUG:colcon.colcon_core.shell:Ignoring prefix path '/opt/ros/melodic'
[4.979s] DEBUG:colcon.colcon_core.event_handler.log_command:Invoking command in '/home/jetbot/aws-nvidia-sample-robomaker-dino-detect/robot_ws/build/cv_bridge': /usr/bin/cmake /home/jetbot/aws-nvidia-sample-robomaker-dino-detect/robot_ws/deps/vision_opencv/cv_bridge -DCATKIN_INSTALL_INTO_PREFIX_ROOT=0 -DCMAKE_INSTALL_PREFIX=/home/jetbot/aws-nvidia-sample-robomaker-dino-detect/robot_ws/install/cv_bridge
[26.160s] DEBUG:colcon.colcon_core.event_handler.log_command:Invoked command in '/home/jetbot/aws-nvidia-sample-robomaker-dino-detect/robot_ws/build/cv_bridge' returned '0': /usr/bin/cmake /home/jetbot/aws-nvidia-sample-robomaker-dino-detect/robot_ws/deps/vision_opencv/cv_bridge -DCATKIN_INSTALL_INTO_PREFIX_ROOT=0 -DCMAKE_INSTALL_PREFIX=/home/jetbot/aws-nvidia-sample-robomaker-dino-detect/robot_ws/install/cv_bridge
[26.175s] DEBUG:colcon.colcon_core.event_handler.log_command:Invoking command in '/home/jetbot/aws-nvidia-sample-robomaker-dino-detect/robot_ws/build/cv_bridge': /usr/bin/cmake --build /home/jetbot/aws-nvidia-sample-robomaker-dino-detect/robot_ws/build/cv_bridge -- -j2 -l2
[126.591s] DEBUG:colcon.colcon_core.event_handler.log_command:Invoked command in '/home/jetbot/aws-nvidia-sample-robomaker-dino-detect/robot_ws/build/cv_bridge' returned '0': /usr/bin/cmake --build /home/jetbot/aws-nvidia-sample-robomaker-dino-detect/robot_ws/build/cv_bridge -- -j2 -l2
[127.005s] DEBUG:colcon.colcon_core.event_handler.log_command:Invoking command in '/home/jetbot/aws-nvidia-sample-robomaker-dino-detect/robot_ws/build/cv_bridge': /usr/bin/cmake --build /home/jetbot/aws-nvidia-sample-robomaker-dino-detect/robot_ws/build/cv_bridge --target tests -- -j2 -l2
[230.848s] DEBUG:colcon.colcon_core.event_handler.log_command:Invoked command in '/home/jetbot/aws-nvidia-sample-robomaker-dino-detect/robot_ws/build/cv_bridge' returned '0': /usr/bin/cmake --build /home/jetbot/aws-nvidia-sample-robomaker-dino-detect/robot_ws/build/cv_bridge --target tests -- -j2 -l2
[231.590s] DEBUG:colcon.colcon_core.event_handler.log_command:Invoking command in '/home/jetbot/aws-nvidia-sample-robomaker-dino-detect/robot_ws/build/cv_bridge': /usr/bin/cmake --build /home/jetbot/aws-nvidia-sample-robomaker-dino-detect/robot_ws/build/cv_bridge --target install
[235.514s] Level 1:colcon.colcon_core.shell:create_environment_hook('cv_bridge', 'ros_package_path')
[235.516s] DEBUG:colcon.colcon_core.event_handler.log_command:Invoked command in '/home/jetbot/aws-nvidia-sample-robomaker-dino-detect/robot_ws/build/cv_bridge' returned '0': /usr/bin/cmake --build /home/jetbot/aws-nvidia-sample-robomaker-dino-detect/robot_ws/build/cv_bridge --target install
[235.593s] INFO:colcon.colcon_core.shell:Creating environment hook '/home/jetbot/aws-nvidia-sample-robomaker-dino-detect/robot_ws/install/cv_bridge/share/cv_bridge/hook/ros_package_path.sh'
[235.616s] Level 1:colcon.colcon_ros.task.catkin:checking '/home/jetbot/aws-nvidia-sample-robomaker-dino-detect/robot_ws/install/cv_bridge/lib/python2.7/dist-packages'
[235.617s] Level 1:colcon.colcon_core.shell:create_environment_hook('cv_bridge', 'python2path')
[235.675s] INFO:colcon.colcon_core.shell:Creating environment hook '/home/jetbot/aws-nvidia-sample-robomaker-dino-detect/robot_ws/install/cv_bridge/share/cv_bridge/hook/python2path.sh'
[235.681s] Level 1:colcon.colcon_ros.task.catkin:checking '/home/jetbot/aws-nvidia-sample-robomaker-dino-detect/robot_ws/install/cv_bridge/lib/python2.7/site-packages'
[235.724s] Level 1:colcon.colcon_core.environment:create_environment_scripts_only(cv_bridge)
[235.954s] Level 1:colcon.colcon_core.environment:checking '/home/jetbot/aws-nvidia-sample-robomaker-dino-detect/robot_ws/install/cv_bridge' for CMake module files
[235.960s] Level 1:colcon.colcon_core.environment:checking '/home/jetbot/aws-nvidia-sample-robomaker-dino-detect/robot_ws/install/cv_bridge' for CMake config files
[235.962s] Level 1:colcon.colcon_core.shell:create_environment_hook('cv_bridge', 'cmake_prefix_path')
[236.000s] INFO:colcon.colcon_core.shell:Creating environment hook '/home/jetbot/aws-nvidia-sample-robomaker-dino-detect/robot_ws/install/cv_bridge/share/cv_bridge/hook/cmake_prefix_path.sh'
[236.007s] Level 1:colcon.colcon_core.environment:checking '/home/jetbot/aws-nvidia-sample-robomaker-dino-detect/robot_ws/install/cv_bridge/lib'
[236.014s] Level 1:colcon.colcon_core.shell:create_environment_hook('cv_bridge', 'ld_library_path_lib')
[236.044s] INFO:colcon.colcon_core.shell:Creating environment hook '/home/jetbot/aws-nvidia-sample-robomaker-dino-detect/robot_ws/install/cv_bridge/share/cv_bridge/hook/ld_library_path_lib.sh'
[236.051s] Level 1:colcon.colcon_core.environment:checking '/home/jetbot/aws-nvidia-sample-robomaker-dino-detect/robot_ws/install/cv_bridge/bin'
[236.052s] Level 1:colcon.colcon_core.environment:checking '/home/jetbot/aws-nvidia-sample-robomaker-dino-detect/robot_ws/install/cv_bridge/lib/pkgconfig/cv_bridge.pc'
[236.053s] Level 1:colcon.colcon_core.shell:create_environment_hook('cv_bridge', 'pkg_config')
[236.086s] INFO:colcon.colcon_core.shell:Creating environment hook '/home/jetbot/aws-nvidia-sample-robomaker-dino-detect/robot_ws/install/cv_bridge/share/cv_bridge/hook/pkg_config.sh'
[236.093s] Level 1:colcon.colcon_core.environment:checking '/home/jetbot/aws-nvidia-sample-robomaker-dino-detect/robot_ws/install/cv_bridge/lib/python3.6/site-packages'
[236.123s] INFO:colcon.colcon_core.shell:Creating package script '/home/jetbot/aws-nvidia-sample-robomaker-dino-detect/robot_ws/install/cv_bridge/share/cv_bridge/package.sh'
[236.139s] Level 1:colcon.colcon_core.environment:create_file_with_runtime_dependencies(/home/jetbot/aws-nvidia-sample-robomaker-dino-detect/robot_ws/install/cv_bridge/share/colcon-core/packages/cv_bridge)
[236.141s] DEBUG:colcon.colcon_core.executor.sequential:run_until_complete 'cv_bridge' finished with '0'
[236.142s] DEBUG:colcon.colcon_core.executor.sequential:run_until_complete 'dinobot'
[236.143s] INFO:colcon.colcon_ros.task.catkin.build:Building ROS package in '/home/jetbot/aws-nvidia-sample-robomaker-dino-detect/robot_ws/src/dinobot' with build type 'catkin'
[236.144s] INFO:colcon.colcon_cmake.task.cmake.build:Building CMake package in '/home/jetbot/aws-nvidia-sample-robomaker-dino-detect/robot_ws/src/dinobot'
[236.250s] DEBUG:colcon.colcon_core.shell:Ignoring prefix path '/opt/ros/melodic'
[236.291s] DEBUG:colcon.colcon_core.event_handler.log_command:Invoking command in '/home/jetbot/aws-nvidia-sample-robomaker-dino-detect/robot_ws/build/dinobot': /usr/bin/cmake /home/jetbot/aws-nvidia-sample-robomaker-dino-detect/robot_ws/src/dinobot -DCATKIN_INSTALL_INTO_PREFIX_ROOT=0 -DCMAKE_INSTALL_PREFIX=/home/jetbot/aws-nvidia-sample-robomaker-dino-detect/robot_ws/install/dinobot
[263.952s] DEBUG:colcon.colcon_core.event_handler.log_command:Invoked command in '/home/jetbot/aws-nvidia-sample-robomaker-dino-detect/robot_ws/build/dinobot' returned '0': /usr/bin/cmake /home/jetbot/aws-nvidia-sample-robomaker-dino-detect/robot_ws/src/dinobot -DCATKIN_INSTALL_INTO_PREFIX_ROOT=0 -DCMAKE_INSTALL_PREFIX=/home/jetbot/aws-nvidia-sample-robomaker-dino-detect/robot_ws/install/dinobot
[263.973s] DEBUG:colcon.colcon_core.event_handler.log_command:Invoking command in '/home/jetbot/aws-nvidia-sample-robomaker-dino-detect/robot_ws/build/dinobot': /usr/bin/cmake --build /home/jetbot/aws-nvidia-sample-robomaker-dino-detect/robot_ws/build/dinobot -- -j2 -l2
[264.358s] DEBUG:colcon.colcon_core.event_handler.log_command:Invoked command in '/home/jetbot/aws-nvidia-sample-robomaker-dino-detect/robot_ws/build/dinobot' returned '0': /usr/bin/cmake --build /home/jetbot/aws-nvidia-sample-robomaker-dino-detect/robot_ws/build/dinobot -- -j2 -l2
[264.724s] DEBUG:colcon.colcon_core.event_handler.log_command:Invoking command in '/home/jetbot/aws-nvidia-sample-robomaker-dino-detect/robot_ws/build/dinobot': /usr/bin/cmake --build /home/jetbot/aws-nvidia-sample-robomaker-dino-detect/robot_ws/build/dinobot --target tests -- -j2 -l2
[265.414s] DEBUG:colcon.colcon_core.event_handler.log_command:Invoked command in '/home/jetbot/aws-nvidia-sample-robomaker-dino-detect/robot_ws/build/dinobot' returned '0': /usr/bin/cmake --build /home/jetbot/aws-nvidia-sample-robomaker-dino-detect/robot_ws/build/dinobot --target tests -- -j2 -l2
[265.797s] DEBUG:colcon.colcon_core.event_handler.log_command:Invoking command in '/home/jetbot/aws-nvidia-sample-robomaker-dino-detect/robot_ws/build/dinobot': /usr/bin/cmake --build /home/jetbot/aws-nvidia-sample-robomaker-dino-detect/robot_ws/build/dinobot --target install
[267.055s] Level 1:colcon.colcon_core.shell:create_environment_hook('dinobot', 'ros_package_path')
[267.064s] DEBUG:colcon.colcon_core.event_handler.log_command:Invoked command in '/home/jetbot/aws-nvidia-sample-robomaker-dino-detect/robot_ws/build/dinobot' returned '0': /usr/bin/cmake --build /home/jetbot/aws-nvidia-sample-robomaker-dino-detect/robot_ws/build/dinobot --target install
[267.117s] INFO:colcon.colcon_core.shell:Creating environment hook '/home/jetbot/aws-nvidia-sample-robomaker-dino-detect/robot_ws/install/dinobot/share/dinobot/hook/ros_package_path.sh'
[267.125s] Level 1:colcon.colcon_ros.task.catkin:checking '/home/jetbot/aws-nvidia-sample-robomaker-dino-detect/robot_ws/install/dinobot/lib/python2.7/dist-packages'
[267.126s] Level 1:colcon.colcon_core.shell:create_environment_hook('dinobot', 'python2path')
[267.175s] INFO:colcon.colcon_core.shell:Creating environment hook '/home/jetbot/aws-nvidia-sample-robomaker-dino-detect/robot_ws/install/dinobot/share/dinobot/hook/python2path.sh'
[267.178s] Level 1:colcon.colcon_ros.task.catkin:checking '/home/jetbot/aws-nvidia-sample-robomaker-dino-detect/robot_ws/install/dinobot/lib/python2.7/site-packages'
[267.239s] Level 1:colcon.colcon_core.environment:create_environment_scripts_only(dinobot)
[267.366s] Level 1:colcon.colcon_core.environment:checking '/home/jetbot/aws-nvidia-sample-robomaker-dino-detect/robot_ws/install/dinobot' for CMake module files
[267.377s] Level 1:colcon.colcon_core.environment:checking '/home/jetbot/aws-nvidia-sample-robomaker-dino-detect/robot_ws/install/dinobot' for CMake config files
[267.382s] Level 1:colcon.colcon_core.shell:create_environment_hook('dinobot', 'cmake_prefix_path')
[267.419s] INFO:colcon.colcon_core.shell:Creating environment hook '/home/jetbot/aws-nvidia-sample-robomaker-dino-detect/robot_ws/install/dinobot/share/dinobot/hook/cmake_prefix_path.sh'
[267.433s] Level 1:colcon.colcon_core.environment:checking '/home/jetbot/aws-nvidia-sample-robomaker-dino-detect/robot_ws/install/dinobot/lib'
[267.434s] Level 1:colcon.colcon_core.environment:checking '/home/jetbot/aws-nvidia-sample-robomaker-dino-detect/robot_ws/install/dinobot/bin'
[267.435s] Level 1:colcon.colcon_core.environment:checking '/home/jetbot/aws-nvidia-sample-robomaker-dino-detect/robot_ws/install/dinobot/lib/pkgconfig/dinobot.pc'
[267.435s] Level 1:colcon.colcon_core.shell:create_environment_hook('dinobot', 'pkg_config')
[267.475s] INFO:colcon.colcon_core.shell:Creating environment hook '/home/jetbot/aws-nvidia-sample-robomaker-dino-detect/robot_ws/install/dinobot/share/dinobot/hook/pkg_config.sh'
[267.478s] Level 1:colcon.colcon_core.environment:checking '/home/jetbot/aws-nvidia-sample-robomaker-dino-detect/robot_ws/install/dinobot/lib/python3.6/site-packages'
[267.518s] INFO:colcon.colcon_core.shell:Creating package script '/home/jetbot/aws-nvidia-sample-robomaker-dino-detect/robot_ws/install/dinobot/share/dinobot/package.sh'
[267.522s] Level 1:colcon.colcon_core.environment:create_file_with_runtime_dependencies(/home/jetbot/aws-nvidia-sample-robomaker-dino-detect/robot_ws/install/dinobot/share/colcon-core/packages/dinobot)
[267.529s] DEBUG:colcon.colcon_core.executor.sequential:run_until_complete 'dinobot' finished with '0'
[267.530s] DEBUG:colcon.colcon_core.executor.sequential:run_until_complete 'image_geometry'
[267.532s] INFO:colcon.colcon_ros.task.catkin.build:Building ROS package in '/home/jetbot/aws-nvidia-sample-robomaker-dino-detect/robot_ws/deps/vision_opencv/image_geometry' with build type 'catkin'
[267.536s] INFO:colcon.colcon_cmake.task.cmake.build:Building CMake package in '/home/jetbot/aws-nvidia-sample-robomaker-dino-detect/robot_ws/deps/vision_opencv/image_geometry'
[267.646s] DEBUG:colcon.colcon_core.shell:Ignoring prefix path '/opt/ros/melodic'
[267.686s] DEBUG:colcon.colcon_core.event_handler.log_command:Invoking command in '/home/jetbot/aws-nvidia-sample-robomaker-dino-detect/robot_ws/build/image_geometry': /usr/bin/cmake /home/jetbot/aws-nvidia-sample-robomaker-dino-detect/robot_ws/deps/vision_opencv/image_geometry -DCATKIN_INSTALL_INTO_PREFIX_ROOT=0 -DCMAKE_INSTALL_PREFIX=/home/jetbot/aws-nvidia-sample-robomaker-dino-detect/robot_ws/install/image_geometry
[287.596s] DEBUG:colcon.colcon_core.event_handler.log_command:Invoked command in '/home/jetbot/aws-nvidia-sample-robomaker-dino-detect/robot_ws/build/image_geometry' returned '0': /usr/bin/cmake /home/jetbot/aws-nvidia-sample-robomaker-dino-detect/robot_ws/deps/vision_opencv/image_geometry -DCATKIN_INSTALL_INTO_PREFIX_ROOT=0 -DCMAKE_INSTALL_PREFIX=/home/jetbot/aws-nvidia-sample-robomaker-dino-detect/robot_ws/install/image_geometry
[287.608s] DEBUG:colcon.colcon_core.event_handler.log_command:Invoking command in '/home/jetbot/aws-nvidia-sample-robomaker-dino-detect/robot_ws/build/image_geometry': /usr/bin/cmake --build /home/jetbot/aws-nvidia-sample-robomaker-dino-detect/robot_ws/build/image_geometry -- -j2 -l2
[327.331s] DEBUG:colcon.colcon_core.event_handler.log_command:Invoked command in '/home/jetbot/aws-nvidia-sample-robomaker-dino-detect/robot_ws/build/image_geometry' returned '0': /usr/bin/cmake --build /home/jetbot/aws-nvidia-sample-robomaker-dino-detect/robot_ws/build/image_geometry -- -j2 -l2
[327.912s] DEBUG:colcon.colcon_core.event_handler.log_command:Invoking command in '/home/jetbot/aws-nvidia-sample-robomaker-dino-detect/robot_ws/build/image_geometry': /usr/bin/cmake --build /home/jetbot/aws-nvidia-sample-robomaker-dino-detect/robot_ws/build/image_geometry --target tests -- -j2 -l2
[388.293s] DEBUG:colcon.colcon_core.event_handler.log_command:Invoked command in '/home/jetbot/aws-nvidia-sample-robomaker-dino-detect/robot_ws/build/image_geometry' returned '0': /usr/bin/cmake --build /home/jetbot/aws-nvidia-sample-robomaker-dino-detect/robot_ws/build/image_geometry --target tests -- -j2 -l2
[388.892s] DEBUG:colcon.colcon_core.event_handler.log_command:Invoking command in '/home/jetbot/aws-nvidia-sample-robomaker-dino-detect/robot_ws/build/image_geometry': /usr/bin/cmake --build /home/jetbot/aws-nvidia-sample-robomaker-dino-detect/robot_ws/build/image_geometry --target install
[392.703s] Level 1:colcon.colcon_core.shell:create_environment_hook('image_geometry', 'ros_package_path')
[392.706s] DEBUG:colcon.colcon_core.event_handler.log_command:Invoked command in '/home/jetbot/aws-nvidia-sample-robomaker-dino-detect/robot_ws/build/image_geometry' returned '0': /usr/bin/cmake --build /home/jetbot/aws-nvidia-sample-robomaker-dino-detect/robot_ws/build/image_geometry --target install
[392.784s] INFO:colcon.colcon_core.shell:Creating environment hook '/home/jetbot/aws-nvidia-sample-robomaker-dino-detect/robot_ws/install/image_geometry/share/image_geometry/hook/ros_package_path.sh'
[392.800s] Level 1:colcon.colcon_ros.task.catkin:checking '/home/jetbot/aws-nvidia-sample-robomaker-dino-detect/robot_ws/install/image_geometry/lib/python2.7/dist-packages'
[392.801s] Level 1:colcon.colcon_core.shell:create_environment_hook('image_geometry', 'python2path')
[392.881s] INFO:colcon.colcon_core.shell:Creating environment hook '/home/jetbot/aws-nvidia-sample-robomaker-dino-detect/robot_ws/install/image_geometry/share/image_geometry/hook/python2path.sh'
[392.891s] Level 1:colcon.colcon_ros.task.catkin:checking '/home/jetbot/aws-nvidia-sample-robomaker-dino-detect/robot_ws/install/image_geometry/lib/python2.7/site-packages'
[392.965s] Level 1:colcon.colcon_core.environment:create_environment_scripts_only(image_geometry)
[393.108s] Level 1:colcon.colcon_core.environment:checking '/home/jetbot/aws-nvidia-sample-robomaker-dino-detect/robot_ws/install/image_geometry' for CMake module files
[393.114s] Level 1:colcon.colcon_core.environment:checking '/home/jetbot/aws-nvidia-sample-robomaker-dino-detect/robot_ws/install/image_geometry' for CMake config files
[393.115s] Level 1:colcon.colcon_core.shell:create_environment_hook('image_geometry', 'cmake_prefix_path')
[393.166s] INFO:colcon.colcon_core.shell:Creating environment hook '/home/jetbot/aws-nvidia-sample-robomaker-dino-detect/robot_ws/install/image_geometry/share/image_geometry/hook/cmake_prefix_path.sh'
[393.179s] Level 1:colcon.colcon_core.environment:checking '/home/jetbot/aws-nvidia-sample-robomaker-dino-detect/robot_ws/install/image_geometry/lib'
[393.180s] Level 1:colcon.colcon_core.shell:create_environment_hook('image_geometry', 'ld_library_path_lib')
[393.233s] INFO:colcon.colcon_core.shell:Creating environment hook '/home/jetbot/aws-nvidia-sample-robomaker-dino-detect/robot_ws/install/image_geometry/share/image_geometry/hook/ld_library_path_lib.sh'
[393.243s] Level 1:colcon.colcon_core.environment:checking '/home/jetbot/aws-nvidia-sample-robomaker-dino-detect/robot_ws/install/image_geometry/bin'
[393.244s] Level 1:colcon.colcon_core.environment:checking '/home/jetbot/aws-nvidia-sample-robomaker-dino-detect/robot_ws/install/image_geometry/lib/pkgconfig/image_geometry.pc'
[393.248s] Level 1:colcon.colcon_core.shell:create_environment_hook('image_geometry', 'pkg_config')
[393.328s] INFO:colcon.colcon_core.shell:Creating environment hook '/home/jetbot/aws-nvidia-sample-robomaker-dino-detect/robot_ws/install/image_geometry/share/image_geometry/hook/pkg_config.sh'
[393.337s] Level 1:colcon.colcon_core.environment:checking '/home/jetbot/aws-nvidia-sample-robomaker-dino-detect/robot_ws/install/image_geometry/lib/python3.6/site-packages'
[393.404s] INFO:colcon.colcon_core.shell:Creating package script '/home/jetbot/aws-nvidia-sample-robomaker-dino-detect/robot_ws/install/image_geometry/share/image_geometry/package.sh'
[393.423s] Level 1:colcon.colcon_core.environment:create_file_with_runtime_dependencies(/home/jetbot/aws-nvidia-sample-robomaker-dino-detect/robot_ws/install/image_geometry/share/colcon-core/packages/image_geometry)
[393.432s] DEBUG:colcon.colcon_core.executor.sequential:run_until_complete 'image_geometry' finished with '0'
[393.433s] DEBUG:colcon.colcon_core.executor.sequential:run_until_complete 'opencv_tests'
[393.438s] INFO:colcon.colcon_ros.task.catkin.build:Building ROS package in '/home/jetbot/aws-nvidia-sample-robomaker-dino-detect/robot_ws/deps/vision_opencv/opencv_tests' with build type 'catkin'
[393.441s] INFO:colcon.colcon_cmake.task.cmake.build:Building CMake package in '/home/jetbot/aws-nvidia-sample-robomaker-dino-detect/robot_ws/deps/vision_opencv/opencv_tests'
[393.622s] DEBUG:colcon.colcon_core.shell:Ignoring prefix path '/opt/ros/melodic'
[393.697s] DEBUG:colcon.colcon_core.event_handler.log_command:Invoking command in '/home/jetbot/aws-nvidia-sample-robomaker-dino-detect/robot_ws/build/opencv_tests': CMAKE_PREFIX_PATH=/home/jetbot/aws-nvidia-sample-robomaker-dino-detect/robot_ws/install/cv_bridge:${CMAKE_PREFIX_PATH} LD_LIBRARY_PATH=/home/jetbot/aws-nvidia-sample-robomaker-dino-detect/robot_ws/install/cv_bridge/lib:${LD_LIBRARY_PATH} PKG_CONFIG_PATH=/home/jetbot/aws-nvidia-sample-robomaker-dino-detect/robot_ws/install/cv_bridge/lib/pkgconfig:${PKG_CONFIG_PATH} PYTHONPATH=/home/jetbot/aws-nvidia-sample-robomaker-dino-detect/robot_ws/install/cv_bridge/lib/python2.7/dist-packages:${PYTHONPATH} ROS_PACKAGE_PATH=/home/jetbot/aws-nvidia-sample-robomaker-dino-detect/robot_ws/install/cv_bridge/share:${ROS_PACKAGE_PATH} /usr/bin/cmake /home/jetbot/aws-nvidia-sample-robomaker-dino-detect/robot_ws/deps/vision_opencv/opencv_tests -DCATKIN_INSTALL_INTO_PREFIX_ROOT=0 -DCMAKE_INSTALL_PREFIX=/home/jetbot/aws-nvidia-sample-robomaker-dino-detect/robot_ws/install/opencv_tests
[411.735s] DEBUG:colcon.colcon_core.event_handler.log_command:Invoked command in '/home/jetbot/aws-nvidia-sample-robomaker-dino-detect/robot_ws/build/opencv_tests' returned '0': CMAKE_PREFIX_PATH=/home/jetbot/aws-nvidia-sample-robomaker-dino-detect/robot_ws/install/cv_bridge:${CMAKE_PREFIX_PATH} LD_LIBRARY_PATH=/home/jetbot/aws-nvidia-sample-robomaker-dino-detect/robot_ws/install/cv_bridge/lib:${LD_LIBRARY_PATH} PKG_CONFIG_PATH=/home/jetbot/aws-nvidia-sample-robomaker-dino-detect/robot_ws/install/cv_bridge/lib/pkgconfig:${PKG_CONFIG_PATH} PYTHONPATH=/home/jetbot/aws-nvidia-sample-robomaker-dino-detect/robot_ws/install/cv_bridge/lib/python2.7/dist-packages:${PYTHONPATH} ROS_PACKAGE_PATH=/home/jetbot/aws-nvidia-sample-robomaker-dino-detect/robot_ws/install/cv_bridge/share:${ROS_PACKAGE_PATH} /usr/bin/cmake /home/jetbot/aws-nvidia-sample-robomaker-dino-detect/robot_ws/deps/vision_opencv/opencv_tests -DCATKIN_INSTALL_INTO_PREFIX_ROOT=0 -DCMAKE_INSTALL_PREFIX=/home/jetbot/aws-nvidia-sample-robomaker-dino-detect/robot_ws/install/opencv_tests
[411.740s] DEBUG:colcon.colcon_core.event_handler.log_command:Invoking command in '/home/jetbot/aws-nvidia-sample-robomaker-dino-detect/robot_ws/build/opencv_tests': CMAKE_PREFIX_PATH=/home/jetbot/aws-nvidia-sample-robomaker-dino-detect/robot_ws/install/cv_bridge:${CMAKE_PREFIX_PATH} LD_LIBRARY_PATH=/home/jetbot/aws-nvidia-sample-robomaker-dino-detect/robot_ws/install/cv_bridge/lib:${LD_LIBRARY_PATH} PKG_CONFIG_PATH=/home/jetbot/aws-nvidia-sample-robomaker-dino-detect/robot_ws/install/cv_bridge/lib/pkgconfig:${PKG_CONFIG_PATH} PYTHONPATH=/home/jetbot/aws-nvidia-sample-robomaker-dino-detect/robot_ws/install/cv_bridge/lib/python2.7/dist-packages:${PYTHONPATH} ROS_PACKAGE_PATH=/home/jetbot/aws-nvidia-sample-robomaker-dino-detect/robot_ws/install/cv_bridge/share:${ROS_PACKAGE_PATH} /usr/bin/cmake --build /home/jetbot/aws-nvidia-sample-robomaker-dino-detect/robot_ws/build/opencv_tests -- -j2 -l2
[412.075s] DEBUG:colcon.colcon_core.event_handler.log_command:Invoked command in '/home/jetbot/aws-nvidia-sample-robomaker-dino-detect/robot_ws/build/opencv_tests' returned '0': CMAKE_PREFIX_PATH=/home/jetbot/aws-nvidia-sample-robomaker-dino-detect/robot_ws/install/cv_bridge:${CMAKE_PREFIX_PATH} LD_LIBRARY_PATH=/home/jetbot/aws-nvidia-sample-robomaker-dino-detect/robot_ws/install/cv_bridge/lib:${LD_LIBRARY_PATH} PKG_CONFIG_PATH=/home/jetbot/aws-nvidia-sample-robomaker-dino-detect/robot_ws/install/cv_bridge/lib/pkgconfig:${PKG_CONFIG_PATH} PYTHONPATH=/home/jetbot/aws-nvidia-sample-robomaker-dino-detect/robot_ws/install/cv_bridge/lib/python2.7/dist-packages:${PYTHONPATH} ROS_PACKAGE_PATH=/home/jetbot/aws-nvidia-sample-robomaker-dino-detect/robot_ws/install/cv_bridge/share:${ROS_PACKAGE_PATH} /usr/bin/cmake --build /home/jetbot/aws-nvidia-sample-robomaker-dino-detect/robot_ws/build/opencv_tests -- -j2 -l2
[412.326s] DEBUG:colcon.colcon_core.event_handler.log_command:Invoking command in '/home/jetbot/aws-nvidia-sample-robomaker-dino-detect/robot_ws/build/opencv_tests': CMAKE_PREFIX_PATH=/home/jetbot/aws-nvidia-sample-robomaker-dino-detect/robot_ws/install/cv_bridge:${CMAKE_PREFIX_PATH} LD_LIBRARY_PATH=/home/jetbot/aws-nvidia-sample-robomaker-dino-detect/robot_ws/install/cv_bridge/lib:${LD_LIBRARY_PATH} PKG_CONFIG_PATH=/home/jetbot/aws-nvidia-sample-robomaker-dino-detect/robot_ws/install/cv_bridge/lib/pkgconfig:${PKG_CONFIG_PATH} PYTHONPATH=/home/jetbot/aws-nvidia-sample-robomaker-dino-detect/robot_ws/install/cv_bridge/lib/python2.7/dist-packages:${PYTHONPATH} ROS_PACKAGE_PATH=/home/jetbot/aws-nvidia-sample-robomaker-dino-detect/robot_ws/install/cv_bridge/share:${ROS_PACKAGE_PATH} /usr/bin/cmake --build /home/jetbot/aws-nvidia-sample-robomaker-dino-detect/robot_ws/build/opencv_tests --target tests -- -j2 -l2
[412.943s] DEBUG:colcon.colcon_core.event_handler.log_command:Invoked command in '/home/jetbot/aws-nvidia-sample-robomaker-dino-detect/robot_ws/build/opencv_tests' returned '0': CMAKE_PREFIX_PATH=/home/jetbot/aws-nvidia-sample-robomaker-dino-detect/robot_ws/install/cv_bridge:${CMAKE_PREFIX_PATH} LD_LIBRARY_PATH=/home/jetbot/aws-nvidia-sample-robomaker-dino-detect/robot_ws/install/cv_bridge/lib:${LD_LIBRARY_PATH} PKG_CONFIG_PATH=/home/jetbot/aws-nvidia-sample-robomaker-dino-detect/robot_ws/install/cv_bridge/lib/pkgconfig:${PKG_CONFIG_PATH} PYTHONPATH=/home/jetbot/aws-nvidia-sample-robomaker-dino-detect/robot_ws/install/cv_bridge/lib/python2.7/dist-packages:${PYTHONPATH} ROS_PACKAGE_PATH=/home/jetbot/aws-nvidia-sample-robomaker-dino-detect/robot_ws/install/cv_bridge/share:${ROS_PACKAGE_PATH} /usr/bin/cmake --build /home/jetbot/aws-nvidia-sample-robomaker-dino-detect/robot_ws/build/opencv_tests --target tests -- -j2 -l2
[413.194s] DEBUG:colcon.colcon_core.event_handler.log_command:Invoking command in '/home/jetbot/aws-nvidia-sample-robomaker-dino-detect/robot_ws/build/opencv_tests': CMAKE_PREFIX_PATH=/home/jetbot/aws-nvidia-sample-robomaker-dino-detect/robot_ws/install/cv_bridge:${CMAKE_PREFIX_PATH} LD_LIBRARY_PATH=/home/jetbot/aws-nvidia-sample-robomaker-dino-detect/robot_ws/install/cv_bridge/lib:${LD_LIBRARY_PATH} PKG_CONFIG_PATH=/home/jetbot/aws-nvidia-sample-robomaker-dino-detect/robot_ws/install/cv_bridge/lib/pkgconfig:${PKG_CONFIG_PATH} PYTHONPATH=/home/jetbot/aws-nvidia-sample-robomaker-dino-detect/robot_ws/install/cv_bridge/lib/python2.7/dist-packages:${PYTHONPATH} ROS_PACKAGE_PATH=/home/jetbot/aws-nvidia-sample-robomaker-dino-detect/robot_ws/install/cv_bridge/share:${ROS_PACKAGE_PATH} /usr/bin/cmake --build /home/jetbot/aws-nvidia-sample-robomaker-dino-detect/robot_ws/build/opencv_tests --target install
[413.809s] Level 1:colcon.colcon_core.shell:create_environment_hook('opencv_tests', 'ros_package_path')
[413.819s] DEBUG:colcon.colcon_core.event_handler.log_command:Invoked command in '/home/jetbot/aws-nvidia-sample-robomaker-dino-detect/robot_ws/build/opencv_tests' returned '0': CMAKE_PREFIX_PATH=/home/jetbot/aws-nvidia-sample-robomaker-dino-detect/robot_ws/install/cv_bridge:${CMAKE_PREFIX_PATH} LD_LIBRARY_PATH=/home/jetbot/aws-nvidia-sample-robomaker-dino-detect/robot_ws/install/cv_bridge/lib:${LD_LIBRARY_PATH} PKG_CONFIG_PATH=/home/jetbot/aws-nvidia-sample-robomaker-dino-detect/robot_ws/install/cv_bridge/lib/pkgconfig:${PKG_CONFIG_PATH} PYTHONPATH=/home/jetbot/aws-nvidia-sample-robomaker-dino-detect/robot_ws/install/cv_bridge/lib/python2.7/dist-packages:${PYTHONPATH} ROS_PACKAGE_PATH=/home/jetbot/aws-nvidia-sample-robomaker-dino-detect/robot_ws/install/cv_bridge/share:${ROS_PACKAGE_PATH} /usr/bin/cmake --build /home/jetbot/aws-nvidia-sample-robomaker-dino-detect/robot_ws/build/opencv_tests --target install
[413.890s] INFO:colcon.colcon_core.shell:Creating environment hook '/home/jetbot/aws-nvidia-sample-robomaker-dino-detect/robot_ws/install/opencv_tests/share/opencv_tests/hook/ros_package_path.sh'
[413.899s] Level 1:colcon.colcon_ros.task.catkin:checking '/home/jetbot/aws-nvidia-sample-robomaker-dino-detect/robot_ws/install/opencv_tests/lib/python2.7/dist-packages'
[413.900s] Level 1:colcon.colcon_ros.task.catkin:checking '/home/jetbot/aws-nvidia-sample-robomaker-dino-detect/robot_ws/install/opencv_tests/lib/python2.7/site-packages'
[413.976s] Level 1:colcon.colcon_core.environment:create_environment_scripts_only(opencv_tests)
[414.146s] Level 1:colcon.colcon_core.environment:checking '/home/jetbot/aws-nvidia-sample-robomaker-dino-detect/robot_ws/install/opencv_tests' for CMake module files
[414.157s] Level 1:colcon.colcon_core.environment:checking '/home/jetbot/aws-nvidia-sample-robomaker-dino-detect/robot_ws/install/opencv_tests' for CMake config files
[414.160s] Level 1:colcon.colcon_core.shell:create_environment_hook('opencv_tests', 'cmake_prefix_path')
[414.209s] INFO:colcon.colcon_core.shell:Creating environment hook '/home/jetbot/aws-nvidia-sample-robomaker-dino-detect/robot_ws/install/opencv_tests/share/opencv_tests/hook/cmake_prefix_path.sh'
[414.227s] Level 1:colcon.colcon_core.environment:checking '/home/jetbot/aws-nvidia-sample-robomaker-dino-detect/robot_ws/install/opencv_tests/lib'
[414.229s] Level 1:colcon.colcon_core.environment:checking '/home/jetbot/aws-nvidia-sample-robomaker-dino-detect/robot_ws/install/opencv_tests/bin'
[414.230s] Level 1:colcon.colcon_core.environment:checking '/home/jetbot/aws-nvidia-sample-robomaker-dino-detect/robot_ws/install/opencv_tests/lib/pkgconfig/opencv_tests.pc'
[414.231s] Level 1:colcon.colcon_core.shell:create_environment_hook('opencv_tests', 'pkg_config')
[414.276s] INFO:colcon.colcon_core.shell:Creating environment hook '/home/jetbot/aws-nvidia-sample-robomaker-dino-detect/robot_ws/install/opencv_tests/share/opencv_tests/hook/pkg_config.sh'
[414.281s] Level 1:colcon.colcon_core.environment:checking '/home/jetbot/aws-nvidia-sample-robomaker-dino-detect/robot_ws/install/opencv_tests/lib/python3.6/site-packages'
[414.336s] INFO:colcon.colcon_core.shell:Creating package script '/home/jetbot/aws-nvidia-sample-robomaker-dino-detect/robot_ws/install/opencv_tests/share/opencv_tests/package.sh'
[414.346s] Level 1:colcon.colcon_core.environment:create_file_with_runtime_dependencies(/home/jetbot/aws-nvidia-sample-robomaker-dino-detect/robot_ws/install/opencv_tests/share/colcon-core/packages/opencv_tests)
[414.350s] DEBUG:colcon.colcon_core.executor.sequential:run_until_complete 'opencv_tests' finished with '0'
[414.351s] DEBUG:colcon.colcon_core.executor.sequential:run_until_complete 'vision_opencv'
[414.352s] INFO:colcon.colcon_ros.task.catkin.build:Building ROS package in '/home/jetbot/aws-nvidia-sample-robomaker-dino-detect/robot_ws/deps/vision_opencv/vision_opencv' with build type 'catkin'
[414.354s] INFO:colcon.colcon_cmake.task.cmake.build:Building CMake package in '/home/jetbot/aws-nvidia-sample-robomaker-dino-detect/robot_ws/deps/vision_opencv/vision_opencv'
[414.504s] DEBUG:colcon.colcon_core.shell:Ignoring prefix path '/opt/ros/melodic'
[414.567s] DEBUG:colcon.colcon_core.event_handler.log_command:Invoking command in '/home/jetbot/aws-nvidia-sample-robomaker-dino-detect/robot_ws/build/vision_opencv': CMAKE_PREFIX_PATH=/home/jetbot/aws-nvidia-sample-robomaker-dino-detect/robot_ws/install/image_geometry:/home/jetbot/aws-nvidia-sample-robomaker-dino-detect/robot_ws/install/cv_bridge:${CMAKE_PREFIX_PATH} LD_LIBRARY_PATH=/home/jetbot/aws-nvidia-sample-robomaker-dino-detect/robot_ws/install/image_geometry/lib:/home/jetbot/aws-nvidia-sample-robomaker-dino-detect/robot_ws/install/cv_bridge/lib:${LD_LIBRARY_PATH} PKG_CONFIG_PATH=/home/jetbot/aws-nvidia-sample-robomaker-dino-detect/robot_ws/install/image_geometry/lib/pkgconfig:/home/jetbot/aws-nvidia-sample-robomaker-dino-detect/robot_ws/install/cv_bridge/lib/pkgconfig:${PKG_CONFIG_PATH} PYTHONPATH=/home/jetbot/aws-nvidia-sample-robomaker-dino-detect/robot_ws/install/image_geometry/lib/python2.7/dist-packages:/home/jetbot/aws-nvidia-sample-robomaker-dino-detect/robot_ws/install/cv_bridge/lib/python2.7/dist-packages:${PYTHONPATH} ROS_PACKAGE_PATH=/home/jetbot/aws-nvidia-sample-robomaker-dino-detect/robot_ws/install/image_geometry/share:/home/jetbot/aws-nvidia-sample-robomaker-dino-detect/robot_ws/install/cv_bridge/share:${ROS_PACKAGE_PATH} /usr/bin/cmake /home/jetbot/aws-nvidia-sample-robomaker-dino-detect/robot_ws/deps/vision_opencv/vision_opencv -DCATKIN_INSTALL_INTO_PREFIX_ROOT=0 -DCMAKE_INSTALL_PREFIX=/home/jetbot/aws-nvidia-sample-robomaker-dino-detect/robot_ws/install/vision_opencv
[430.931s] DEBUG:colcon.colcon_core.event_handler.log_command:Invoked command in '/home/jetbot/aws-nvidia-sample-robomaker-dino-detect/robot_ws/build/vision_opencv' returned '0': CMAKE_PREFIX_PATH=/home/jetbot/aws-nvidia-sample-robomaker-dino-detect/robot_ws/install/image_geometry:/home/jetbot/aws-nvidia-sample-robomaker-dino-detect/robot_ws/install/cv_bridge:${CMAKE_PREFIX_PATH} LD_LIBRARY_PATH=/home/jetbot/aws-nvidia-sample-robomaker-dino-detect/robot_ws/install/image_geometry/lib:/home/jetbot/aws-nvidia-sample-robomaker-dino-detect/robot_ws/install/cv_bridge/lib:${LD_LIBRARY_PATH} PKG_CONFIG_PATH=/home/jetbot/aws-nvidia-sample-robomaker-dino-detect/robot_ws/install/image_geometry/lib/pkgconfig:/home/jetbot/aws-nvidia-sample-robomaker-dino-detect/robot_ws/install/cv_bridge/lib/pkgconfig:${PKG_CONFIG_PATH} PYTHONPATH=/home/jetbot/aws-nvidia-sample-robomaker-dino-detect/robot_ws/install/image_geometry/lib/python2.7/dist-packages:/home/jetbot/aws-nvidia-sample-robomaker-dino-detect/robot_ws/install/cv_bridge/lib/python2.7/dist-packages:${PYTHONPATH} ROS_PACKAGE_PATH=/home/jetbot/aws-nvidia-sample-robomaker-dino-detect/robot_ws/install/image_geometry/share:/home/jetbot/aws-nvidia-sample-robomaker-dino-detect/robot_ws/install/cv_bridge/share:${ROS_PACKAGE_PATH} /usr/bin/cmake /home/jetbot/aws-nvidia-sample-robomaker-dino-detect/robot_ws/deps/vision_opencv/vision_opencv -DCATKIN_INSTALL_INTO_PREFIX_ROOT=0 -DCMAKE_INSTALL_PREFIX=/home/jetbot/aws-nvidia-sample-robomaker-dino-detect/robot_ws/install/vision_opencv
[430.936s] DEBUG:colcon.colcon_core.event_handler.log_command:Invoking command in '/home/jetbot/aws-nvidia-sample-robomaker-dino-detect/robot_ws/build/vision_opencv': CMAKE_PREFIX_PATH=/home/jetbot/aws-nvidia-sample-robomaker-dino-detect/robot_ws/install/image_geometry:/home/jetbot/aws-nvidia-sample-robomaker-dino-detect/robot_ws/install/cv_bridge:${CMAKE_PREFIX_PATH} LD_LIBRARY_PATH=/home/jetbot/aws-nvidia-sample-robomaker-dino-detect/robot_ws/install/image_geometry/lib:/home/jetbot/aws-nvidia-sample-robomaker-dino-detect/robot_ws/install/cv_bridge/lib:${LD_LIBRARY_PATH} PKG_CONFIG_PATH=/home/jetbot/aws-nvidia-sample-robomaker-dino-detect/robot_ws/install/image_geometry/lib/pkgconfig:/home/jetbot/aws-nvidia-sample-robomaker-dino-detect/robot_ws/install/cv_bridge/lib/pkgconfig:${PKG_CONFIG_PATH} PYTHONPATH=/home/jetbot/aws-nvidia-sample-robomaker-dino-detect/robot_ws/install/image_geometry/lib/python2.7/dist-packages:/home/jetbot/aws-nvidia-sample-robomaker-dino-detect/robot_ws/install/cv_bridge/lib/python2.7/dist-packages:${PYTHONPATH} ROS_PACKAGE_PATH=/home/jetbot/aws-nvidia-sample-robomaker-dino-detect/robot_ws/install/image_geometry/share:/home/jetbot/aws-nvidia-sample-robomaker-dino-detect/robot_ws/install/cv_bridge/share:${ROS_PACKAGE_PATH} /usr/bin/cmake --build /home/jetbot/aws-nvidia-sample-robomaker-dino-detect/robot_ws/build/vision_opencv -- -j2 -l2
[431.306s] DEBUG:colcon.colcon_core.event_handler.log_command:Invoked command in '/home/jetbot/aws-nvidia-sample-robomaker-dino-detect/robot_ws/build/vision_opencv' returned '0': CMAKE_PREFIX_PATH=/home/jetbot/aws-nvidia-sample-robomaker-dino-detect/robot_ws/install/image_geometry:/home/jetbot/aws-nvidia-sample-robomaker-dino-detect/robot_ws/install/cv_bridge:${CMAKE_PREFIX_PATH} LD_LIBRARY_PATH=/home/jetbot/aws-nvidia-sample-robomaker-dino-detect/robot_ws/install/image_geometry/lib:/home/jetbot/aws-nvidia-sample-robomaker-dino-detect/robot_ws/install/cv_bridge/lib:${LD_LIBRARY_PATH} PKG_CONFIG_PATH=/home/jetbot/aws-nvidia-sample-robomaker-dino-detect/robot_ws/install/image_geometry/lib/pkgconfig:/home/jetbot/aws-nvidia-sample-robomaker-dino-detect/robot_ws/install/cv_bridge/lib/pkgconfig:${PKG_CONFIG_PATH} PYTHONPATH=/home/jetbot/aws-nvidia-sample-robomaker-dino-detect/robot_ws/install/image_geometry/lib/python2.7/dist-packages:/home/jetbot/aws-nvidia-sample-robomaker-dino-detect/robot_ws/install/cv_bridge/lib/python2.7/dist-packages:${PYTHONPATH} ROS_PACKAGE_PATH=/home/jetbot/aws-nvidia-sample-robomaker-dino-detect/robot_ws/install/image_geometry/share:/home/jetbot/aws-nvidia-sample-robomaker-dino-detect/robot_ws/install/cv_bridge/share:${ROS_PACKAGE_PATH} /usr/bin/cmake --build /home/jetbot/aws-nvidia-sample-robomaker-dino-detect/robot_ws/build/vision_opencv -- -j2 -l2
[431.529s] DEBUG:colcon.colcon_core.event_handler.log_command:Invoking command in '/home/jetbot/aws-nvidia-sample-robomaker-dino-detect/robot_ws/build/vision_opencv': CMAKE_PREFIX_PATH=/home/jetbot/aws-nvidia-sample-robomaker-dino-detect/robot_ws/install/image_geometry:/home/jetbot/aws-nvidia-sample-robomaker-dino-detect/robot_ws/install/cv_bridge:${CMAKE_PREFIX_PATH} LD_LIBRARY_PATH=/home/jetbot/aws-nvidia-sample-robomaker-dino-detect/robot_ws/install/image_geometry/lib:/home/jetbot/aws-nvidia-sample-robomaker-dino-detect/robot_ws/install/cv_bridge/lib:${LD_LIBRARY_PATH} PKG_CONFIG_PATH=/home/jetbot/aws-nvidia-sample-robomaker-dino-detect/robot_ws/install/image_geometry/lib/pkgconfig:/home/jetbot/aws-nvidia-sample-robomaker-dino-detect/robot_ws/install/cv_bridge/lib/pkgconfig:${PKG_CONFIG_PATH} PYTHONPATH=/home/jetbot/aws-nvidia-sample-robomaker-dino-detect/robot_ws/install/image_geometry/lib/python2.7/dist-packages:/home/jetbot/aws-nvidia-sample-robomaker-dino-detect/robot_ws/install/cv_bridge/lib/python2.7/dist-packages:${PYTHONPATH} ROS_PACKAGE_PATH=/home/jetbot/aws-nvidia-sample-robomaker-dino-detect/robot_ws/install/image_geometry/share:/home/jetbot/aws-nvidia-sample-robomaker-dino-detect/robot_ws/install/cv_bridge/share:${ROS_PACKAGE_PATH} /usr/bin/cmake --build /home/jetbot/aws-nvidia-sample-robomaker-dino-detect/robot_ws/build/vision_opencv --target tests -- -j2 -l2
[432.226s] DEBUG:colcon.colcon_core.event_handler.log_command:Invoked command in '/home/jetbot/aws-nvidia-sample-robomaker-dino-detect/robot_ws/build/vision_opencv' returned '0': CMAKE_PREFIX_PATH=/home/jetbot/aws-nvidia-sample-robomaker-dino-detect/robot_ws/install/image_geometry:/home/jetbot/aws-nvidia-sample-robomaker-dino-detect/robot_ws/install/cv_bridge:${CMAKE_PREFIX_PATH} LD_LIBRARY_PATH=/home/jetbot/aws-nvidia-sample-robomaker-dino-detect/robot_ws/install/image_geometry/lib:/home/jetbot/aws-nvidia-sample-robomaker-dino-detect/robot_ws/install/cv_bridge/lib:${LD_LIBRARY_PATH} PKG_CONFIG_PATH=/home/jetbot/aws-nvidia-sample-robomaker-dino-detect/robot_ws/install/image_geometry/lib/pkgconfig:/home/jetbot/aws-nvidia-sample-robomaker-dino-detect/robot_ws/install/cv_bridge/lib/pkgconfig:${PKG_CONFIG_PATH} PYTHONPATH=/home/jetbot/aws-nvidia-sample-robomaker-dino-detect/robot_ws/install/image_geometry/lib/python2.7/dist-packages:/home/jetbot/aws-nvidia-sample-robomaker-dino-detect/robot_ws/install/cv_bridge/lib/python2.7/dist-packages:${PYTHONPATH} ROS_PACKAGE_PATH=/home/jetbot/aws-nvidia-sample-robomaker-dino-detect/robot_ws/install/image_geometry/share:/home/jetbot/aws-nvidia-sample-robomaker-dino-detect/robot_ws/install/cv_bridge/share:${ROS_PACKAGE_PATH} /usr/bin/cmake --build /home/jetbot/aws-nvidia-sample-robomaker-dino-detect/robot_ws/build/vision_opencv --target tests -- -j2 -l2
[432.508s] DEBUG:colcon.colcon_core.event_handler.log_command:Invoking command in '/home/jetbot/aws-nvidia-sample-robomaker-dino-detect/robot_ws/build/vision_opencv': CMAKE_PREFIX_PATH=/home/jetbot/aws-nvidia-sample-robomaker-dino-detect/robot_ws/install/image_geometry:/home/jetbot/aws-nvidia-sample-robomaker-dino-detect/robot_ws/install/cv_bridge:${CMAKE_PREFIX_PATH} LD_LIBRARY_PATH=/home/jetbot/aws-nvidia-sample-robomaker-dino-detect/robot_ws/install/image_geometry/lib:/home/jetbot/aws-nvidia-sample-robomaker-dino-detect/robot_ws/install/cv_bridge/lib:${LD_LIBRARY_PATH} PKG_CONFIG_PATH=/home/jetbot/aws-nvidia-sample-robomaker-dino-detect/robot_ws/install/image_geometry/lib/pkgconfig:/home/jetbot/aws-nvidia-sample-robomaker-dino-detect/robot_ws/install/cv_bridge/lib/pkgconfig:${PKG_CONFIG_PATH} PYTHONPATH=/home/jetbot/aws-nvidia-sample-robomaker-dino-detect/robot_ws/install/image_geometry/lib/python2.7/dist-packages:/home/jetbot/aws-nvidia-sample-robomaker-dino-detect/robot_ws/install/cv_bridge/lib/python2.7/dist-packages:${PYTHONPATH} ROS_PACKAGE_PATH=/home/jetbot/aws-nvidia-sample-robomaker-dino-detect/robot_ws/install/image_geometry/share:/home/jetbot/aws-nvidia-sample-robomaker-dino-detect/robot_ws/install/cv_bridge/share:${ROS_PACKAGE_PATH} /usr/bin/cmake --build /home/jetbot/aws-nvidia-sample-robomaker-dino-detect/robot_ws/build/vision_opencv --target install
[433.270s] Level 1:colcon.colcon_core.shell:create_environment_hook('vision_opencv', 'ros_package_path')
[433.274s] DEBUG:colcon.colcon_core.event_handler.log_command:Invoked command in '/home/jetbot/aws-nvidia-sample-robomaker-dino-detect/robot_ws/build/vision_opencv' returned '0': CMAKE_PREFIX_PATH=/home/jetbot/aws-nvidia-sample-robomaker-dino-detect/robot_ws/install/image_geometry:/home/jetbot/aws-nvidia-sample-robomaker-dino-detect/robot_ws/install/cv_bridge:${CMAKE_PREFIX_PATH} LD_LIBRARY_PATH=/home/jetbot/aws-nvidia-sample-robomaker-dino-detect/robot_ws/install/image_geometry/lib:/home/jetbot/aws-nvidia-sample-robomaker-dino-detect/robot_ws/install/cv_bridge/lib:${LD_LIBRARY_PATH} PKG_CONFIG_PATH=/home/jetbot/aws-nvidia-sample-robomaker-dino-detect/robot_ws/install/image_geometry/lib/pkgconfig:/home/jetbot/aws-nvidia-sample-robomaker-dino-detect/robot_ws/install/cv_bridge/lib/pkgconfig:${PKG_CONFIG_PATH} PYTHONPATH=/home/jetbot/aws-nvidia-sample-robomaker-dino-detect/robot_ws/install/image_geometry/lib/python2.7/dist-packages:/home/jetbot/aws-nvidia-sample-robomaker-dino-detect/robot_ws/install/cv_bridge/lib/python2.7/dist-packages:${PYTHONPATH} ROS_PACKAGE_PATH=/home/jetbot/aws-nvidia-sample-robomaker-dino-detect/robot_ws/install/image_geometry/share:/home/jetbot/aws-nvidia-sample-robomaker-dino-detect/robot_ws/install/cv_bridge/share:${ROS_PACKAGE_PATH} /usr/bin/cmake --build /home/jetbot/aws-nvidia-sample-robomaker-dino-detect/robot_ws/build/vision_opencv --target install
[433.343s] INFO:colcon.colcon_core.shell:Creating environment hook '/home/jetbot/aws-nvidia-sample-robomaker-dino-detect/robot_ws/install/vision_opencv/share/vision_opencv/hook/ros_package_path.sh'
[433.348s] Level 1:colcon.colcon_ros.task.catkin:checking '/home/jetbot/aws-nvidia-sample-robomaker-dino-detect/robot_ws/install/vision_opencv/lib/python2.7/dist-packages'
[433.349s] Level 1:colcon.colcon_ros.task.catkin:checking '/home/jetbot/aws-nvidia-sample-robomaker-dino-detect/robot_ws/install/vision_opencv/lib/python2.7/site-packages'
[433.409s] Level 1:colcon.colcon_core.environment:create_environment_scripts_only(vision_opencv)
[433.562s] Level 1:colcon.colcon_core.environment:checking '/home/jetbot/aws-nvidia-sample-robomaker-dino-detect/robot_ws/install/vision_opencv' for CMake module files
[433.573s] Level 1:colcon.colcon_core.environment:checking '/home/jetbot/aws-nvidia-sample-robomaker-dino-detect/robot_ws/install/vision_opencv' for CMake config files
[433.584s] Level 1:colcon.colcon_core.environment:checking '/home/jetbot/aws-nvidia-sample-robomaker-dino-detect/robot_ws/install/vision_opencv/bin'
[433.590s] Level 1:colcon.colcon_core.environment:checking '/home/jetbot/aws-nvidia-sample-robomaker-dino-detect/robot_ws/install/vision_opencv/lib/pkgconfig/vision_opencv.pc'
[433.591s] Level 1:colcon.colcon_core.environment:checking '/home/jetbot/aws-nvidia-sample-robomaker-dino-detect/robot_ws/install/vision_opencv/lib/python3.6/site-packages'
[433.641s] INFO:colcon.colcon_core.shell:Creating package script '/home/jetbot/aws-nvidia-sample-robomaker-dino-detect/robot_ws/install/vision_opencv/share/vision_opencv/package.sh'
[433.645s] Level 1:colcon.colcon_core.environment:create_file_with_runtime_dependencies(/home/jetbot/aws-nvidia-sample-robomaker-dino-detect/robot_ws/install/vision_opencv/share/colcon-core/packages/vision_opencv)
[433.649s] DEBUG:colcon.colcon_core.executor.sequential:run_until_complete 'vision_opencv' finished with '0'
[433.650s] DEBUG:colcon.colcon_core.executor.sequential:closing loop
[433.658s] DEBUG:colcon.colcon_core.executor.sequential:loop closed
[433.660s] DEBUG:colcon.colcon_core.event_reactor:joining thread
[433.661s] DEBUG:colcon.colcon_core.event_reactor:joined thread
[433.723s] INFO:colcon.colcon_core.shell:Creating prefix script '/home/jetbot/aws-nvidia-sample-robomaker-dino-detect/robot_ws/install/local_setup.sh'
[433.746s] INFO:colcon.colcon_core.shell:Creating prefix chain script '/home/jetbot/aws-nvidia-sample-robomaker-dino-detect/robot_ws/install/setup.sh'
